<?xml version="1.0" encoding="UTF-8"?>
<testsuite name="RockPSGameTest" tests="2" skipped="0" failures="0" errors="0" timestamp="2016-09-07T21:06:54" hostname="epicodus-13.local" time="0.002">
  <properties/>
  <testcase name="p1GameOutcome_returnsGameStatusOfP1_string" classname="RockPSGameTest" time="0.001"/>
  <testcase name="throwShamBo_receiveAndReturnInput_string" classname="RockPSGameTest" time="0.001"/>
  <system-out><![CDATA[]]></system-out>
  <system-err><![CDATA[]]></system-err>
</testsuite>
